<?xml version="1.0" encoding="UTF-8"?>
<!-- Generated by org.testng.reporters.JUnitXMLReporter -->
<testsuite ignored="0" hostname="ELSDBNM-214381" failures="0" tests="7" name="Default test" time="12.804" errors="0" timestamp="2022-05-03T03:24:40 IST">
  <testcase classname="com.employeeapi.testcases.TC005_DELETE_Employee" name="checkResponseBody" time="0.017"/>
  <testcase classname="com.employeeapi.testcases.TC005_DELETE_Employee" name="checkStatusCode" time="0.001"/>
  <testcase classname="com.employeeapi.testcases.TC005_DELETE_Employee" name="checkResponseTime" time="0.002"/>
  <testcase classname="com.employeeapi.testcases.TC005_DELETE_Employee" name="checkStatusLine" time="0.0"/>
  <testcase classname="com.employeeapi.testcases.TC005_DELETE_Employee" name="checkContentType" time="0.001"/>
  <testcase classname="com.employeeapi.testcases.TC005_DELETE_Employee" name="checkServerType" time="0.0"/>
  <testcase classname="com.employeeapi.testcases.TC005_DELETE_Employee" name="checkContentLength" time="0.001"/>
</testsuite> <!-- Default test -->
