<?xml version="1.0" encoding="UTF-8"?>
<testng-results ignored="0" total="36" passed="36" failed="0" skipped="0">
  <reporter-output>
  </reporter-output>
  <suite started-at="2022-05-03T03:29:47 IST" name="RestAssuredAPI_Employee_Data" finished-at="2022-05-03T03:31:08 IST" duration-ms="80799">
    <groups>
    </groups>
    <test started-at="2022-05-03T03:29:47 IST" name="RestAssuredAPI Testing" finished-at="2022-05-03T03:31:08 IST" duration-ms="80799">
      <class name="com.employeeapi.testcases.TC002_GET_Single_Employee">
        <test-method is-config="true" signature="setup()[pri:0, instance:com.employeeapi.testcases.TC002_GET_Single_Employee@e350b40]" started-at="2022-05-03T03:30:04 IST" name="setup" finished-at="2022-05-03T03:30:04 IST" duration-ms="2" status="PASS">
          <reporter-output>
          </reporter-output>
        </test-method> <!-- setup -->
        <test-method is-config="true" signature="getEmployee()[pri:0, instance:com.employeeapi.testcases.TC002_GET_Single_Employee@e350b40]" started-at="2022-05-03T03:30:04 IST" name="getEmployee" finished-at="2022-05-03T03:30:10 IST" duration-ms="5772" status="PASS">
          <reporter-output>
          </reporter-output>
        </test-method> <!-- getEmployee -->
        <test-method signature="checkResponseBody()[pri:1, instance:com.employeeapi.testcases.TC002_GET_Single_Employee@e350b40]" started-at="2022-05-03T03:30:10 IST" name="checkResponseBody" finished-at="2022-05-03T03:30:10 IST" duration-ms="3" status="PASS">
          <reporter-output>
          </reporter-output>
        </test-method> <!-- checkResponseBody -->
        <test-method signature="checkStatusCode()[pri:2, instance:com.employeeapi.testcases.TC002_GET_Single_Employee@e350b40]" started-at="2022-05-03T03:30:10 IST" name="checkStatusCode" finished-at="2022-05-03T03:30:10 IST" duration-ms="0" status="PASS">
          <reporter-output>
          </reporter-output>
        </test-method> <!-- checkStatusCode -->
        <test-method signature="checkResponseTime()[pri:3, instance:com.employeeapi.testcases.TC002_GET_Single_Employee@e350b40]" started-at="2022-05-03T03:30:10 IST" name="checkResponseTime" finished-at="2022-05-03T03:30:10 IST" duration-ms="1" status="PASS">
          <reporter-output>
          </reporter-output>
        </test-method> <!-- checkResponseTime -->
        <test-method signature="checkStatusLine()[pri:4, instance:com.employeeapi.testcases.TC002_GET_Single_Employee@e350b40]" started-at="2022-05-03T03:30:10 IST" name="checkStatusLine" finished-at="2022-05-03T03:30:10 IST" duration-ms="0" status="PASS">
          <reporter-output>
          </reporter-output>
        </test-method> <!-- checkStatusLine -->
        <test-method signature="checkContentType()[pri:5, instance:com.employeeapi.testcases.TC002_GET_Single_Employee@e350b40]" started-at="2022-05-03T03:30:10 IST" name="checkContentType" finished-at="2022-05-03T03:30:10 IST" duration-ms="1" status="PASS">
          <reporter-output>
          </reporter-output>
        </test-method> <!-- checkContentType -->
        <test-method signature="checkServerType()[pri:6, instance:com.employeeapi.testcases.TC002_GET_Single_Employee@e350b40]" started-at="2022-05-03T03:30:10 IST" name="checkServerType" finished-at="2022-05-03T03:30:10 IST" duration-ms="1" status="PASS">
          <reporter-output>
          </reporter-output>
        </test-method> <!-- checkServerType -->
        <test-method signature="checkContentLength()[pri:7, instance:com.employeeapi.testcases.TC002_GET_Single_Employee@e350b40]" started-at="2022-05-03T03:30:10 IST" name="checkContentLength" finished-at="2022-05-03T03:30:10 IST" duration-ms="1" status="PASS">
          <reporter-output>
          </reporter-output>
        </test-method> <!-- checkContentLength -->
        <test-method is-config="true" signature="tearDown()[pri:0, instance:com.employeeapi.testcases.TC002_GET_Single_Employee@e350b40]" started-at="2022-05-03T03:30:10 IST" name="tearDown" finished-at="2022-05-03T03:30:15 IST" duration-ms="5004" status="PASS">
          <reporter-output>
          </reporter-output>
        </test-method> <!-- tearDown -->
      </class> <!-- com.employeeapi.testcases.TC002_GET_Single_Employee -->
      <class name="com.employeeapi.testcases.TC003_POST_Create_Employee">
        <test-method is-config="true" signature="setup()[pri:0, instance:com.employeeapi.testcases.TC003_POST_Create_Employee@60099951]" started-at="2022-05-03T03:30:15 IST" name="setup" finished-at="2022-05-03T03:30:15 IST" duration-ms="1" status="PASS">
          <reporter-output>
          </reporter-output>
        </test-method> <!-- setup -->
        <test-method is-config="true" signature="createEmployee()[pri:0, instance:com.employeeapi.testcases.TC003_POST_Create_Employee@60099951]" started-at="2022-05-03T03:30:15 IST" name="createEmployee" finished-at="2022-05-03T03:30:21 IST" duration-ms="5735" status="PASS">
          <reporter-output>
          </reporter-output>
        </test-method> <!-- createEmployee -->
        <test-method signature="checkResponseBody()[pri:1, instance:com.employeeapi.testcases.TC003_POST_Create_Employee@60099951]" started-at="2022-05-03T03:30:21 IST" name="checkResponseBody" finished-at="2022-05-03T03:30:26 IST" duration-ms="5002" status="PASS">
          <reporter-output>
          </reporter-output>
        </test-method> <!-- checkResponseBody -->
        <test-method signature="checkStatusCode()[pri:2, instance:com.employeeapi.testcases.TC003_POST_Create_Employee@60099951]" started-at="2022-05-03T03:30:26 IST" name="checkStatusCode" finished-at="2022-05-03T03:30:26 IST" duration-ms="1" status="PASS">
          <reporter-output>
          </reporter-output>
        </test-method> <!-- checkStatusCode -->
        <test-method signature="checkResponseTime()[pri:3, instance:com.employeeapi.testcases.TC003_POST_Create_Employee@60099951]" started-at="2022-05-03T03:30:26 IST" name="checkResponseTime" finished-at="2022-05-03T03:30:26 IST" duration-ms="0" status="PASS">
          <reporter-output>
          </reporter-output>
        </test-method> <!-- checkResponseTime -->
        <test-method signature="checkStatusLine()[pri:4, instance:com.employeeapi.testcases.TC003_POST_Create_Employee@60099951]" started-at="2022-05-03T03:30:26 IST" name="checkStatusLine" finished-at="2022-05-03T03:30:26 IST" duration-ms="1" status="PASS">
          <reporter-output>
          </reporter-output>
        </test-method> <!-- checkStatusLine -->
        <test-method signature="checkContentType()[pri:5, instance:com.employeeapi.testcases.TC003_POST_Create_Employee@60099951]" started-at="2022-05-03T03:30:26 IST" name="checkContentType" finished-at="2022-05-03T03:30:26 IST" duration-ms="0" status="PASS">
          <reporter-output>
          </reporter-output>
        </test-method> <!-- checkContentType -->
        <test-method signature="checkServerType()[pri:6, instance:com.employeeapi.testcases.TC003_POST_Create_Employee@60099951]" started-at="2022-05-03T03:30:26 IST" name="checkServerType" finished-at="2022-05-03T03:30:26 IST" duration-ms="0" status="PASS">
          <reporter-output>
          </reporter-output>
        </test-method> <!-- checkServerType -->
        <test-method signature="checkContentLength()[pri:7, instance:com.employeeapi.testcases.TC003_POST_Create_Employee@60099951]" started-at="2022-05-03T03:30:26 IST" name="checkContentLength" finished-at="2022-05-03T03:30:26 IST" duration-ms="0" status="PASS">
          <reporter-output>
          </reporter-output>
        </test-method> <!-- checkContentLength -->
        <test-method is-config="true" signature="tearDown()[pri:0, instance:com.employeeapi.testcases.TC003_POST_Create_Employee@60099951]" started-at="2022-05-03T03:30:26 IST" name="tearDown" finished-at="2022-05-03T03:30:31 IST" duration-ms="5001" status="PASS">
          <reporter-output>
          </reporter-output>
        </test-method> <!-- tearDown -->
      </class> <!-- com.employeeapi.testcases.TC003_POST_Create_Employee -->
      <class name="com.employeeapi.testcases.TC001_GET_All_Employees">
        <test-method is-config="true" signature="setup()[pri:0, instance:com.employeeapi.testcases.TC001_GET_All_Employees@18df8434]" started-at="2022-05-03T03:29:47 IST" name="setup" finished-at="2022-05-03T03:29:47 IST" duration-ms="15" status="PASS">
          <reporter-output>
          </reporter-output>
        </test-method> <!-- setup -->
        <test-method is-config="true" signature="getEmployees()[pri:0, instance:com.employeeapi.testcases.TC001_GET_All_Employees@18df8434]" started-at="2022-05-03T03:29:47 IST" name="getEmployees" finished-at="2022-05-03T03:29:54 IST" duration-ms="6606" status="PASS">
          <reporter-output>
          </reporter-output>
        </test-method> <!-- getEmployees -->
        <test-method signature="checkResponseBody()[pri:1, instance:com.employeeapi.testcases.TC001_GET_All_Employees@18df8434]" started-at="2022-05-03T03:29:54 IST" name="checkResponseBody" finished-at="2022-05-03T03:29:59 IST" duration-ms="5019" status="PASS">
          <reporter-output>
          </reporter-output>
        </test-method> <!-- checkResponseBody -->
        <test-method signature="checkStatusCode()[pri:2, instance:com.employeeapi.testcases.TC001_GET_All_Employees@18df8434]" started-at="2022-05-03T03:29:59 IST" name="checkStatusCode" finished-at="2022-05-03T03:29:59 IST" duration-ms="0" status="PASS">
          <reporter-output>
          </reporter-output>
        </test-method> <!-- checkStatusCode -->
        <test-method signature="checkResponseTime()[pri:3, instance:com.employeeapi.testcases.TC001_GET_All_Employees@18df8434]" started-at="2022-05-03T03:29:59 IST" name="checkResponseTime" finished-at="2022-05-03T03:29:59 IST" duration-ms="1" status="PASS">
          <reporter-output>
          </reporter-output>
        </test-method> <!-- checkResponseTime -->
        <test-method signature="checkStatusLine()[pri:4, instance:com.employeeapi.testcases.TC001_GET_All_Employees@18df8434]" started-at="2022-05-03T03:29:59 IST" name="checkStatusLine" finished-at="2022-05-03T03:29:59 IST" duration-ms="1" status="PASS">
          <reporter-output>
          </reporter-output>
        </test-method> <!-- checkStatusLine -->
        <test-method signature="checkContentType()[pri:5, instance:com.employeeapi.testcases.TC001_GET_All_Employees@18df8434]" started-at="2022-05-03T03:29:59 IST" name="checkContentType" finished-at="2022-05-03T03:29:59 IST" duration-ms="1" status="PASS">
          <reporter-output>
          </reporter-output>
        </test-method> <!-- checkContentType -->
        <test-method signature="checkServerType()[pri:6, instance:com.employeeapi.testcases.TC001_GET_All_Employees@18df8434]" started-at="2022-05-03T03:29:59 IST" name="checkServerType" finished-at="2022-05-03T03:29:59 IST" duration-ms="0" status="PASS">
          <reporter-output>
          </reporter-output>
        </test-method> <!-- checkServerType -->
        <test-method signature="checkContentEncoding()[pri:7, instance:com.employeeapi.testcases.TC001_GET_All_Employees@18df8434]" started-at="2022-05-03T03:29:59 IST" name="checkContentEncoding" finished-at="2022-05-03T03:29:59 IST" duration-ms="1" status="PASS">
          <reporter-output>
          </reporter-output>
        </test-method> <!-- checkContentEncoding -->
        <test-method signature="checkContentLength()[pri:8, instance:com.employeeapi.testcases.TC001_GET_All_Employees@18df8434]" started-at="2022-05-03T03:29:59 IST" name="checkContentLength" finished-at="2022-05-03T03:29:59 IST" duration-ms="1" status="PASS">
          <reporter-output>
          </reporter-output>
        </test-method> <!-- checkContentLength -->
        <test-method is-config="true" signature="tearDown()[pri:0, instance:com.employeeapi.testcases.TC001_GET_All_Employees@18df8434]" started-at="2022-05-03T03:29:59 IST" name="tearDown" finished-at="2022-05-03T03:30:04 IST" duration-ms="5002" status="PASS">
          <reporter-output>
          </reporter-output>
        </test-method> <!-- tearDown -->
      </class> <!-- com.employeeapi.testcases.TC001_GET_All_Employees -->
      <class name="com.employeeapi.testcases.TC004_PUT_Update_Employee">
        <test-method is-config="true" signature="setup()[pri:0, instance:com.employeeapi.testcases.TC004_PUT_Update_Employee@1e6a3214]" started-at="2022-05-03T03:30:31 IST" name="setup" finished-at="2022-05-03T03:30:31 IST" duration-ms="2" status="PASS">
          <reporter-output>
          </reporter-output>
        </test-method> <!-- setup -->
        <test-method is-config="true" signature="updateEmployee()[pri:0, instance:com.employeeapi.testcases.TC004_PUT_Update_Employee@1e6a3214]" started-at="2022-05-03T03:30:31 IST" name="updateEmployee" finished-at="2022-05-03T03:30:41 IST" duration-ms="10662" status="PASS">
          <reporter-output>
          </reporter-output>
        </test-method> <!-- updateEmployee -->
        <test-method signature="checkResponseBody()[pri:1, instance:com.employeeapi.testcases.TC004_PUT_Update_Employee@1e6a3214]" started-at="2022-05-03T03:30:41 IST" name="checkResponseBody" finished-at="2022-05-03T03:30:46 IST" duration-ms="5005" status="PASS">
          <reporter-output>
          </reporter-output>
        </test-method> <!-- checkResponseBody -->
        <test-method signature="checkStatusCode()[pri:2, instance:com.employeeapi.testcases.TC004_PUT_Update_Employee@1e6a3214]" started-at="2022-05-03T03:30:46 IST" name="checkStatusCode" finished-at="2022-05-03T03:30:46 IST" duration-ms="1" status="PASS">
          <reporter-output>
          </reporter-output>
        </test-method> <!-- checkStatusCode -->
        <test-method signature="checkResponseTime()[pri:3, instance:com.employeeapi.testcases.TC004_PUT_Update_Employee@1e6a3214]" started-at="2022-05-03T03:30:46 IST" name="checkResponseTime" finished-at="2022-05-03T03:30:46 IST" duration-ms="0" status="PASS">
          <reporter-output>
          </reporter-output>
        </test-method> <!-- checkResponseTime -->
        <test-method signature="checkStatusLine()[pri:4, instance:com.employeeapi.testcases.TC004_PUT_Update_Employee@1e6a3214]" started-at="2022-05-03T03:30:46 IST" name="checkStatusLine" finished-at="2022-05-03T03:30:46 IST" duration-ms="1" status="PASS">
          <reporter-output>
          </reporter-output>
        </test-method> <!-- checkStatusLine -->
        <test-method signature="checkContentType()[pri:5, instance:com.employeeapi.testcases.TC004_PUT_Update_Employee@1e6a3214]" started-at="2022-05-03T03:30:46 IST" name="checkContentType" finished-at="2022-05-03T03:30:46 IST" duration-ms="0" status="PASS">
          <reporter-output>
          </reporter-output>
        </test-method> <!-- checkContentType -->
        <test-method signature="checkServerType()[pri:6, instance:com.employeeapi.testcases.TC004_PUT_Update_Employee@1e6a3214]" started-at="2022-05-03T03:30:46 IST" name="checkServerType" finished-at="2022-05-03T03:30:46 IST" duration-ms="0" status="PASS">
          <reporter-output>
          </reporter-output>
        </test-method> <!-- checkServerType -->
        <test-method signature="checkContentLength()[pri:7, instance:com.employeeapi.testcases.TC004_PUT_Update_Employee@1e6a3214]" started-at="2022-05-03T03:30:46 IST" name="checkContentLength" finished-at="2022-05-03T03:30:46 IST" duration-ms="1" status="PASS">
          <reporter-output>
          </reporter-output>
        </test-method> <!-- checkContentLength -->
        <test-method is-config="true" signature="tearDown()[pri:0, instance:com.employeeapi.testcases.TC004_PUT_Update_Employee@1e6a3214]" started-at="2022-05-03T03:30:46 IST" name="tearDown" finished-at="2022-05-03T03:30:51 IST" duration-ms="5005" status="PASS">
          <reporter-output>
          </reporter-output>
        </test-method> <!-- tearDown -->
      </class> <!-- com.employeeapi.testcases.TC004_PUT_Update_Employee -->
      <class name="com.employeeapi.testcases.TC005_DELETE_Employee">
        <test-method is-config="true" signature="setup()[pri:0, instance:com.employeeapi.testcases.TC005_DELETE_Employee@1a6d8329]" started-at="2022-05-03T03:30:51 IST" name="setup" finished-at="2022-05-03T03:30:51 IST" duration-ms="2" status="PASS">
          <reporter-output>
          </reporter-output>
        </test-method> <!-- setup -->
        <test-method is-config="true" signature="deleteEMployee()[pri:0, instance:com.employeeapi.testcases.TC005_DELETE_Employee@1a6d8329]" started-at="2022-05-03T03:30:51 IST" name="deleteEMployee" finished-at="2022-05-03T03:31:03 IST" duration-ms="11690" status="PASS">
          <reporter-output>
          </reporter-output>
        </test-method> <!-- deleteEMployee -->
        <test-method signature="checkResponseBody()[pri:1, instance:com.employeeapi.testcases.TC005_DELETE_Employee@1a6d8329]" started-at="2022-05-03T03:31:03 IST" name="checkResponseBody" finished-at="2022-05-03T03:31:03 IST" duration-ms="15" status="PASS">
          <reporter-output>
          </reporter-output>
        </test-method> <!-- checkResponseBody -->
        <test-method signature="checkStatusCode()[pri:2, instance:com.employeeapi.testcases.TC005_DELETE_Employee@1a6d8329]" started-at="2022-05-03T03:31:03 IST" name="checkStatusCode" finished-at="2022-05-03T03:31:03 IST" duration-ms="1" status="PASS">
          <reporter-output>
          </reporter-output>
        </test-method> <!-- checkStatusCode -->
        <test-method signature="checkResponseTime()[pri:3, instance:com.employeeapi.testcases.TC005_DELETE_Employee@1a6d8329]" started-at="2022-05-03T03:31:03 IST" name="checkResponseTime" finished-at="2022-05-03T03:31:03 IST" duration-ms="0" status="PASS">
          <reporter-output>
          </reporter-output>
        </test-method> <!-- checkResponseTime -->
        <test-method signature="checkStatusLine()[pri:4, instance:com.employeeapi.testcases.TC005_DELETE_Employee@1a6d8329]" started-at="2022-05-03T03:31:03 IST" name="checkStatusLine" finished-at="2022-05-03T03:31:03 IST" duration-ms="0" status="PASS">
          <reporter-output>
          </reporter-output>
        </test-method> <!-- checkStatusLine -->
        <test-method signature="checkContentType()[pri:5, instance:com.employeeapi.testcases.TC005_DELETE_Employee@1a6d8329]" started-at="2022-05-03T03:31:03 IST" name="checkContentType" finished-at="2022-05-03T03:31:03 IST" duration-ms="0" status="PASS">
          <reporter-output>
          </reporter-output>
        </test-method> <!-- checkContentType -->
        <test-method signature="checkServerType()[pri:6, instance:com.employeeapi.testcases.TC005_DELETE_Employee@1a6d8329]" started-at="2022-05-03T03:31:03 IST" name="checkServerType" finished-at="2022-05-03T03:31:03 IST" duration-ms="0" status="PASS">
          <reporter-output>
          </reporter-output>
        </test-method> <!-- checkServerType -->
        <test-method signature="checkContentLength()[pri:7, instance:com.employeeapi.testcases.TC005_DELETE_Employee@1a6d8329]" started-at="2022-05-03T03:31:03 IST" name="checkContentLength" finished-at="2022-05-03T03:31:03 IST" duration-ms="0" status="PASS">
          <reporter-output>
          </reporter-output>
        </test-method> <!-- checkContentLength -->
        <test-method is-config="true" signature="tearDown()[pri:0, instance:com.employeeapi.testcases.TC005_DELETE_Employee@1a6d8329]" started-at="2022-05-03T03:31:03 IST" name="tearDown" finished-at="2022-05-03T03:31:08 IST" duration-ms="5005" status="PASS">
          <reporter-output>
          </reporter-output>
        </test-method> <!-- tearDown -->
      </class> <!-- com.employeeapi.testcases.TC005_DELETE_Employee -->
    </test> <!-- RestAssuredAPI Testing -->
  </suite> <!-- RestAssuredAPI_Employee_Data -->
</testng-results>
