<?xml version="1.0" encoding="UTF-8"?>
<!-- Generated by org.testng.reporters.JUnitXMLReporter -->
<testsuite ignored="0" hostname="ELSDBNM-214381" failures="0" tests="36" name="RestAssuredAPI Testing" time="80.799" errors="0" timestamp="2022-05-03T03:31:08 IST">
  <testcase classname="com.employeeapi.testcases.TC001_GET_All_Employees" name="checkResponseBody" time="5.019"/>
  <testcase classname="com.employeeapi.testcases.TC001_GET_All_Employees" name="checkStatusCode" time="0.0"/>
  <testcase classname="com.employeeapi.testcases.TC001_GET_All_Employees" name="checkResponseTime" time="0.001"/>
  <testcase classname="com.employeeapi.testcases.TC001_GET_All_Employees" name="checkStatusLine" time="0.001"/>
  <testcase classname="com.employeeapi.testcases.TC001_GET_All_Employees" name="checkContentType" time="0.001"/>
  <testcase classname="com.employeeapi.testcases.TC001_GET_All_Employees" name="checkServerType" time="0.0"/>
  <testcase classname="com.employeeapi.testcases.TC001_GET_All_Employees" name="checkContentEncoding" time="0.001"/>
  <testcase classname="com.employeeapi.testcases.TC001_GET_All_Employees" name="checkContentLength" time="0.001"/>
  <testcase classname="com.employeeapi.testcases.TC002_GET_Single_Employee" name="checkResponseBody" time="0.003"/>
  <testcase classname="com.employeeapi.testcases.TC002_GET_Single_Employee" name="checkStatusCode" time="0.0"/>
  <testcase classname="com.employeeapi.testcases.TC002_GET_Single_Employee" name="checkResponseTime" time="0.001"/>
  <testcase classname="com.employeeapi.testcases.TC002_GET_Single_Employee" name="checkStatusLine" time="0.0"/>
  <testcase classname="com.employeeapi.testcases.TC002_GET_Single_Employee" name="checkContentType" time="0.001"/>
  <testcase classname="com.employeeapi.testcases.TC002_GET_Single_Employee" name="checkServerType" time="0.001"/>
  <testcase classname="com.employeeapi.testcases.TC002_GET_Single_Employee" name="checkContentLength" time="0.001"/>
  <testcase classname="com.employeeapi.testcases.TC003_POST_Create_Employee" name="checkResponseBody" time="5.002"/>
  <testcase classname="com.employeeapi.testcases.TC003_POST_Create_Employee" name="checkStatusCode" time="0.001"/>
  <testcase classname="com.employeeapi.testcases.TC003_POST_Create_Employee" name="checkResponseTime" time="0.0"/>
  <testcase classname="com.employeeapi.testcases.TC003_POST_Create_Employee" name="checkStatusLine" time="0.001"/>
  <testcase classname="com.employeeapi.testcases.TC003_POST_Create_Employee" name="checkContentType" time="0.0"/>
  <testcase classname="com.employeeapi.testcases.TC003_POST_Create_Employee" name="checkServerType" time="0.0"/>
  <testcase classname="com.employeeapi.testcases.TC003_POST_Create_Employee" name="checkContentLength" time="0.0"/>
  <testcase classname="com.employeeapi.testcases.TC004_PUT_Update_Employee" name="checkResponseBody" time="5.005"/>
  <testcase classname="com.employeeapi.testcases.TC004_PUT_Update_Employee" name="checkStatusCode" time="0.001"/>
  <testcase classname="com.employeeapi.testcases.TC004_PUT_Update_Employee" name="checkResponseTime" time="0.0"/>
  <testcase classname="com.employeeapi.testcases.TC004_PUT_Update_Employee" name="checkStatusLine" time="0.001"/>
  <testcase classname="com.employeeapi.testcases.TC004_PUT_Update_Employee" name="checkContentType" time="0.0"/>
  <testcase classname="com.employeeapi.testcases.TC004_PUT_Update_Employee" name="checkServerType" time="0.0"/>
  <testcase classname="com.employeeapi.testcases.TC004_PUT_Update_Employee" name="checkContentLength" time="0.001"/>
  <testcase classname="com.employeeapi.testcases.TC005_DELETE_Employee" name="checkResponseBody" time="0.015"/>
  <testcase classname="com.employeeapi.testcases.TC005_DELETE_Employee" name="checkStatusCode" time="0.001"/>
  <testcase classname="com.employeeapi.testcases.TC005_DELETE_Employee" name="checkResponseTime" time="0.0"/>
  <testcase classname="com.employeeapi.testcases.TC005_DELETE_Employee" name="checkStatusLine" time="0.0"/>
  <testcase classname="com.employeeapi.testcases.TC005_DELETE_Employee" name="checkContentType" time="0.0"/>
  <testcase classname="com.employeeapi.testcases.TC005_DELETE_Employee" name="checkServerType" time="0.0"/>
  <testcase classname="com.employeeapi.testcases.TC005_DELETE_Employee" name="checkContentLength" time="0.0"/>
</testsuite> <!-- RestAssuredAPI Testing -->
